[2022-11-07 14:54:02] local.ERROR: Command "make:migrate" is not defined.

Did you mean one of these?
    make:cast
    make:channel
    make:command
    make:component
    make:controller
    make:event
    make:exception
    make:factory
    make:job
    make:listener
    make:mail
    make:middleware
    make:migration
    make:model
    make:notification
    make:observer
    make:policy
    make:provider
    make:request
    make:resource
    make:rule
    make:scope
    make:seeder
    make:test {"exception":"[object] (Symfony\\Component\\Console\\Exception\\CommandNotFoundException(code: 0): Command \"make:migrate\" is not defined.

Did you mean one of these?
    make:cast
    make:channel
    make:command
    make:component
    make:controller
    make:event
    make:exception
    make:factory
    make:job
    make:listener
    make:mail
    make:middleware
    make:migration
    make:model
    make:notification
    make:observer
    make:policy
    make:provider
    make:request
    make:resource
    make:rule
    make:scope
    make:seeder
    make:test at /var/www/html/foodics/vendor/symfony/console/Application.php:694)
[stacktrace]
#0 /var/www/html/foodics/vendor/symfony/console/Application.php(259): Symfony\\Component\\Console\\Application->find()
#1 /var/www/html/foodics/vendor/symfony/console/Application.php(171): Symfony\\Component\\Console\\Application->doRun()
#2 /var/www/html/foodics/vendor/laravel/framework/src/Illuminate/Console/Application.php(102): Symfony\\Component\\Console\\Application->run()
#3 /var/www/html/foodics/vendor/laravel/framework/src/Illuminate/Foundation/Console/Kernel.php(155): Illuminate\\Console\\Application->run()
#4 /var/www/html/foodics/artisan(37): Illuminate\\Foundation\\Console\\Kernel->handle()
#5 {main}
"} 
[2022-11-07 14:54:08] local.ERROR: SQLSTATE[HY000]: General error: 3734 Failed to add the foreign key constraint. Missing column 'id' for constraint 'product_order_order_id_foreign' in the referenced table 'orders' (SQL: alter table `product_order` add constraint `product_order_order_id_foreign` foreign key (`order_id`) references `orders` (`id`) on delete cascade) {"exception":"[object] (Illuminate\\Database\\QueryException(code: HY000): SQLSTATE[HY000]: General error: 3734 Failed to add the foreign key constraint. Missing column 'id' for constraint 'product_order_order_id_foreign' in the referenced table 'orders' (SQL: alter table `product_order` add constraint `product_order_order_id_foreign` foreign key (`order_id`) references `orders` (`id`) on delete cascade) at /var/www/html/foodics/vendor/laravel/framework/src/Illuminate/Database/Connection.php:760)
[stacktrace]
#0 /var/www/html/foodics/vendor/laravel/framework/src/Illuminate/Database/Connection.php(720): Illuminate\\Database\\Connection->runQueryCallback()
#1 /var/www/html/foodics/vendor/laravel/framework/src/Illuminate/Database/Connection.php(546): Illuminate\\Database\\Connection->run()
#2 /var/www/html/foodics/vendor/laravel/framework/src/Illuminate/Database/Schema/Blueprint.php(109): Illuminate\\Database\\Connection->statement()
#3 /var/www/html/foodics/vendor/laravel/framework/src/Illuminate/Database/Schema/Builder.php(404): Illuminate\\Database\\Schema\\Blueprint->build()
#4 /var/www/html/foodics/vendor/laravel/framework/src/Illuminate/Database/Schema/Builder.php(267): Illuminate\\Database\\Schema\\Builder->build()
#5 /var/www/html/foodics/vendor/laravel/framework/src/Illuminate/Support/Facades/Facade.php(338): Illuminate\\Database\\Schema\\Builder->create()
#6 /var/www/html/foodics/database/migrations/2022_11_07_144007_create_product_order_table.php(22): Illuminate\\Support\\Facades\\Facade::__callStatic()
#7 /var/www/html/foodics/vendor/laravel/framework/src/Illuminate/Database/Migrations/Migrator.php(482): Illuminate\\Database\\Migrations\\Migration@anonymous->up()
#8 /var/www/html/foodics/vendor/laravel/framework/src/Illuminate/Database/Migrations/Migrator.php(400): Illuminate\\Database\\Migrations\\Migrator->runMethod()
#9 /var/www/html/foodics/vendor/laravel/framework/src/Illuminate/Database/Migrations/Migrator.php(409): Illuminate\\Database\\Migrations\\Migrator->Illuminate\\Database\\Migrations\\{closure}()
#10 /var/www/html/foodics/vendor/laravel/framework/src/Illuminate/Database/Migrations/Migrator.php(210): Illuminate\\Database\\Migrations\\Migrator->runMigration()
#11 /var/www/html/foodics/vendor/laravel/framework/src/Illuminate/Console/View/Components/Task.php(36): Illuminate\\Database\\Migrations\\Migrator->Illuminate\\Database\\Migrations\\{closure}()
#12 /var/www/html/foodics/vendor/laravel/framework/src/Illuminate/Database/Migrations/Migrator.php(740): Illuminate\\Console\\View\\Components\\Task->render()
#13 /var/www/html/foodics/vendor/laravel/framework/src/Illuminate/Database/Migrations/Migrator.php(210): Illuminate\\Database\\Migrations\\Migrator->write()
#14 /var/www/html/foodics/vendor/laravel/framework/src/Illuminate/Database/Migrations/Migrator.php(175): Illuminate\\Database\\Migrations\\Migrator->runUp()
#15 /var/www/html/foodics/vendor/laravel/framework/src/Illuminate/Database/Migrations/Migrator.php(118): Illuminate\\Database\\Migrations\\Migrator->runPending()
#16 /var/www/html/foodics/vendor/laravel/framework/src/Illuminate/Database/Console/Migrations/MigrateCommand.php(90): Illuminate\\Database\\Migrations\\Migrator->run()
#17 /var/www/html/foodics/vendor/laravel/framework/src/Illuminate/Database/Migrations/Migrator.php(616): Illuminate\\Database\\Console\\Migrations\\MigrateCommand->Illuminate\\Database\\Console\\Migrations\\{closure}()
#18 /var/www/html/foodics/vendor/laravel/framework/src/Illuminate/Database/Console/Migrations/MigrateCommand.php(102): Illuminate\\Database\\Migrations\\Migrator->usingConnection()
#19 /var/www/html/foodics/vendor/laravel/framework/src/Illuminate/Container/BoundMethod.php(36): Illuminate\\Database\\Console\\Migrations\\MigrateCommand->handle()
#20 /var/www/html/foodics/vendor/laravel/framework/src/Illuminate/Container/Util.php(41): Illuminate\\Container\\BoundMethod::Illuminate\\Container\\{closure}()
#21 /var/www/html/foodics/vendor/laravel/framework/src/Illuminate/Container/BoundMethod.php(93): Illuminate\\Container\\Util::unwrapIfClosure()
#22 /var/www/html/foodics/vendor/laravel/framework/src/Illuminate/Container/BoundMethod.php(37): Illuminate\\Container\\BoundMethod::callBoundMethod()
#23 /var/www/html/foodics/vendor/laravel/framework/src/Illuminate/Container/Container.php(651): Illuminate\\Container\\BoundMethod::call()
#24 /var/www/html/foodics/vendor/laravel/framework/src/Illuminate/Console/Command.php(178): Illuminate\\Container\\Container->call()
#25 /var/www/html/foodics/vendor/symfony/console/Command/Command.php(291): Illuminate\\Console\\Command->execute()
#26 /var/www/html/foodics/vendor/laravel/framework/src/Illuminate/Console/Command.php(148): Symfony\\Component\\Console\\Command\\Command->run()
#27 /var/www/html/foodics/vendor/symfony/console/Application.php(1014): Illuminate\\Console\\Command->run()
#28 /var/www/html/foodics/vendor/symfony/console/Application.php(301): Symfony\\Component\\Console\\Application->doRunCommand()
#29 /var/www/html/foodics/vendor/symfony/console/Application.php(171): Symfony\\Component\\Console\\Application->doRun()
#30 /var/www/html/foodics/vendor/laravel/framework/src/Illuminate/Console/Application.php(102): Symfony\\Component\\Console\\Application->run()
#31 /var/www/html/foodics/vendor/laravel/framework/src/Illuminate/Foundation/Console/Kernel.php(155): Illuminate\\Console\\Application->run()
#32 /var/www/html/foodics/artisan(37): Illuminate\\Foundation\\Console\\Kernel->handle()
#33 {main}

[previous exception] [object] (PDOException(code: HY000): SQLSTATE[HY000]: General error: 3734 Failed to add the foreign key constraint. Missing column 'id' for constraint 'product_order_order_id_foreign' in the referenced table 'orders' at /var/www/html/foodics/vendor/laravel/framework/src/Illuminate/Database/Connection.php:545)
[stacktrace]
#0 /var/www/html/foodics/vendor/laravel/framework/src/Illuminate/Database/Connection.php(545): PDOStatement->execute()
#1 /var/www/html/foodics/vendor/laravel/framework/src/Illuminate/Database/Connection.php(753): Illuminate\\Database\\Connection->Illuminate\\Database\\{closure}()
#2 /var/www/html/foodics/vendor/laravel/framework/src/Illuminate/Database/Connection.php(720): Illuminate\\Database\\Connection->runQueryCallback()
#3 /var/www/html/foodics/vendor/laravel/framework/src/Illuminate/Database/Connection.php(546): Illuminate\\Database\\Connection->run()
#4 /var/www/html/foodics/vendor/laravel/framework/src/Illuminate/Database/Schema/Blueprint.php(109): Illuminate\\Database\\Connection->statement()
#5 /var/www/html/foodics/vendor/laravel/framework/src/Illuminate/Database/Schema/Builder.php(404): Illuminate\\Database\\Schema\\Blueprint->build()
#6 /var/www/html/foodics/vendor/laravel/framework/src/Illuminate/Database/Schema/Builder.php(267): Illuminate\\Database\\Schema\\Builder->build()
#7 /var/www/html/foodics/vendor/laravel/framework/src/Illuminate/Support/Facades/Facade.php(338): Illuminate\\Database\\Schema\\Builder->create()
#8 /var/www/html/foodics/database/migrations/2022_11_07_144007_create_product_order_table.php(22): Illuminate\\Support\\Facades\\Facade::__callStatic()
#9 /var/www/html/foodics/vendor/laravel/framework/src/Illuminate/Database/Migrations/Migrator.php(482): Illuminate\\Database\\Migrations\\Migration@anonymous->up()
#10 /var/www/html/foodics/vendor/laravel/framework/src/Illuminate/Database/Migrations/Migrator.php(400): Illuminate\\Database\\Migrations\\Migrator->runMethod()
#11 /var/www/html/foodics/vendor/laravel/framework/src/Illuminate/Database/Migrations/Migrator.php(409): Illuminate\\Database\\Migrations\\Migrator->Illuminate\\Database\\Migrations\\{closure}()
#12 /var/www/html/foodics/vendor/laravel/framework/src/Illuminate/Database/Migrations/Migrator.php(210): Illuminate\\Database\\Migrations\\Migrator->runMigration()
#13 /var/www/html/foodics/vendor/laravel/framework/src/Illuminate/Console/View/Components/Task.php(36): Illuminate\\Database\\Migrations\\Migrator->Illuminate\\Database\\Migrations\\{closure}()
#14 /var/www/html/foodics/vendor/laravel/framework/src/Illuminate/Database/Migrations/Migrator.php(740): Illuminate\\Console\\View\\Components\\Task->render()
#15 /var/www/html/foodics/vendor/laravel/framework/src/Illuminate/Database/Migrations/Migrator.php(210): Illuminate\\Database\\Migrations\\Migrator->write()
#16 /var/www/html/foodics/vendor/laravel/framework/src/Illuminate/Database/Migrations/Migrator.php(175): Illuminate\\Database\\Migrations\\Migrator->runUp()
#17 /var/www/html/foodics/vendor/laravel/framework/src/Illuminate/Database/Migrations/Migrator.php(118): Illuminate\\Database\\Migrations\\Migrator->runPending()
#18 /var/www/html/foodics/vendor/laravel/framework/src/Illuminate/Database/Console/Migrations/MigrateCommand.php(90): Illuminate\\Database\\Migrations\\Migrator->run()
#19 /var/www/html/foodics/vendor/laravel/framework/src/Illuminate/Database/Migrations/Migrator.php(616): Illuminate\\Database\\Console\\Migrations\\MigrateCommand->Illuminate\\Database\\Console\\Migrations\\{closure}()
#20 /var/www/html/foodics/vendor/laravel/framework/src/Illuminate/Database/Console/Migrations/MigrateCommand.php(102): Illuminate\\Database\\Migrations\\Migrator->usingConnection()
#21 /var/www/html/foodics/vendor/laravel/framework/src/Illuminate/Container/BoundMethod.php(36): Illuminate\\Database\\Console\\Migrations\\MigrateCommand->handle()
#22 /var/www/html/foodics/vendor/laravel/framework/src/Illuminate/Container/Util.php(41): Illuminate\\Container\\BoundMethod::Illuminate\\Container\\{closure}()
#23 /var/www/html/foodics/vendor/laravel/framework/src/Illuminate/Container/BoundMethod.php(93): Illuminate\\Container\\Util::unwrapIfClosure()
#24 /var/www/html/foodics/vendor/laravel/framework/src/Illuminate/Container/BoundMethod.php(37): Illuminate\\Container\\BoundMethod::callBoundMethod()
#25 /var/www/html/foodics/vendor/laravel/framework/src/Illuminate/Container/Container.php(651): Illuminate\\Container\\BoundMethod::call()
#26 /var/www/html/foodics/vendor/laravel/framework/src/Illuminate/Console/Command.php(178): Illuminate\\Container\\Container->call()
#27 /var/www/html/foodics/vendor/symfony/console/Command/Command.php(291): Illuminate\\Console\\Command->execute()
#28 /var/www/html/foodics/vendor/laravel/framework/src/Illuminate/Console/Command.php(148): Symfony\\Component\\Console\\Command\\Command->run()
#29 /var/www/html/foodics/vendor/symfony/console/Application.php(1014): Illuminate\\Console\\Command->run()
#30 /var/www/html/foodics/vendor/symfony/console/Application.php(301): Symfony\\Component\\Console\\Application->doRunCommand()
#31 /var/www/html/foodics/vendor/symfony/console/Application.php(171): Symfony\\Component\\Console\\Application->doRun()
#32 /var/www/html/foodics/vendor/laravel/framework/src/Illuminate/Console/Application.php(102): Symfony\\Component\\Console\\Application->run()
#33 /var/www/html/foodics/vendor/laravel/framework/src/Illuminate/Foundation/Console/Kernel.php(155): Illuminate\\Console\\Application->run()
#34 /var/www/html/foodics/artisan(37): Illuminate\\Foundation\\Console\\Kernel->handle()
#35 {main}
"} 
[2022-11-07 14:54:54] local.ERROR: SQLSTATE[HY000]: General error: 3734 Failed to add the foreign key constraint. Missing column 'id' for constraint 'product_order_order_id_foreign' in the referenced table 'orders' (SQL: alter table `product_order` add constraint `product_order_order_id_foreign` foreign key (`order_id`) references `orders` (`id`) on delete cascade) {"exception":"[object] (Illuminate\\Database\\QueryException(code: HY000): SQLSTATE[HY000]: General error: 3734 Failed to add the foreign key constraint. Missing column 'id' for constraint 'product_order_order_id_foreign' in the referenced table 'orders' (SQL: alter table `product_order` add constraint `product_order_order_id_foreign` foreign key (`order_id`) references `orders` (`id`) on delete cascade) at /var/www/html/foodics/vendor/laravel/framework/src/Illuminate/Database/Connection.php:760)
[stacktrace]
#0 /var/www/html/foodics/vendor/laravel/framework/src/Illuminate/Database/Connection.php(720): Illuminate\\Database\\Connection->runQueryCallback()
#1 /var/www/html/foodics/vendor/laravel/framework/src/Illuminate/Database/Connection.php(546): Illuminate\\Database\\Connection->run()
#2 /var/www/html/foodics/vendor/laravel/framework/src/Illuminate/Database/Schema/Blueprint.php(109): Illuminate\\Database\\Connection->statement()
#3 /var/www/html/foodics/vendor/laravel/framework/src/Illuminate/Database/Schema/Builder.php(404): Illuminate\\Database\\Schema\\Blueprint->build()
#4 /var/www/html/foodics/vendor/laravel/framework/src/Illuminate/Database/Schema/Builder.php(267): Illuminate\\Database\\Schema\\Builder->build()
#5 /var/www/html/foodics/vendor/laravel/framework/src/Illuminate/Support/Facades/Facade.php(338): Illuminate\\Database\\Schema\\Builder->create()
#6 /var/www/html/foodics/database/migrations/2022_11_07_144007_create_product_order_table.php(23): Illuminate\\Support\\Facades\\Facade::__callStatic()
#7 /var/www/html/foodics/vendor/laravel/framework/src/Illuminate/Database/Migrations/Migrator.php(482): Illuminate\\Database\\Migrations\\Migration@anonymous->up()
#8 /var/www/html/foodics/vendor/laravel/framework/src/Illuminate/Database/Migrations/Migrator.php(400): Illuminate\\Database\\Migrations\\Migrator->runMethod()
#9 /var/www/html/foodics/vendor/laravel/framework/src/Illuminate/Database/Migrations/Migrator.php(409): Illuminate\\Database\\Migrations\\Migrator->Illuminate\\Database\\Migrations\\{closure}()
#10 /var/www/html/foodics/vendor/laravel/framework/src/Illuminate/Database/Migrations/Migrator.php(210): Illuminate\\Database\\Migrations\\Migrator->runMigration()
#11 /var/www/html/foodics/vendor/laravel/framework/src/Illuminate/Console/View/Components/Task.php(36): Illuminate\\Database\\Migrations\\Migrator->Illuminate\\Database\\Migrations\\{closure}()
#12 /var/www/html/foodics/vendor/laravel/framework/src/Illuminate/Database/Migrations/Migrator.php(740): Illuminate\\Console\\View\\Components\\Task->render()
#13 /var/www/html/foodics/vendor/laravel/framework/src/Illuminate/Database/Migrations/Migrator.php(210): Illuminate\\Database\\Migrations\\Migrator->write()
#14 /var/www/html/foodics/vendor/laravel/framework/src/Illuminate/Database/Migrations/Migrator.php(175): Illuminate\\Database\\Migrations\\Migrator->runUp()
#15 /var/www/html/foodics/vendor/laravel/framework/src/Illuminate/Database/Migrations/Migrator.php(118): Illuminate\\Database\\Migrations\\Migrator->runPending()
#16 /var/www/html/foodics/vendor/laravel/framework/src/Illuminate/Database/Console/Migrations/MigrateCommand.php(90): Illuminate\\Database\\Migrations\\Migrator->run()
#17 /var/www/html/foodics/vendor/laravel/framework/src/Illuminate/Database/Migrations/Migrator.php(616): Illuminate\\Database\\Console\\Migrations\\MigrateCommand->Illuminate\\Database\\Console\\Migrations\\{closure}()
#18 /var/www/html/foodics/vendor/laravel/framework/src/Illuminate/Database/Console/Migrations/MigrateCommand.php(102): Illuminate\\Database\\Migrations\\Migrator->usingConnection()
#19 /var/www/html/foodics/vendor/laravel/framework/src/Illuminate/Container/BoundMethod.php(36): Illuminate\\Database\\Console\\Migrations\\MigrateCommand->handle()
#20 /var/www/html/foodics/vendor/laravel/framework/src/Illuminate/Container/Util.php(41): Illuminate\\Container\\BoundMethod::Illuminate\\Container\\{closure}()
#21 /var/www/html/foodics/vendor/laravel/framework/src/Illuminate/Container/BoundMethod.php(93): Illuminate\\Container\\Util::unwrapIfClosure()
#22 /var/www/html/foodics/vendor/laravel/framework/src/Illuminate/Container/BoundMethod.php(37): Illuminate\\Container\\BoundMethod::callBoundMethod()
#23 /var/www/html/foodics/vendor/laravel/framework/src/Illuminate/Container/Container.php(651): Illuminate\\Container\\BoundMethod::call()
#24 /var/www/html/foodics/vendor/laravel/framework/src/Illuminate/Console/Command.php(178): Illuminate\\Container\\Container->call()
#25 /var/www/html/foodics/vendor/symfony/console/Command/Command.php(291): Illuminate\\Console\\Command->execute()
#26 /var/www/html/foodics/vendor/laravel/framework/src/Illuminate/Console/Command.php(148): Symfony\\Component\\Console\\Command\\Command->run()
#27 /var/www/html/foodics/vendor/laravel/framework/src/Illuminate/Console/Concerns/CallsCommands.php(68): Illuminate\\Console\\Command->run()
#28 /var/www/html/foodics/vendor/laravel/framework/src/Illuminate/Console/Concerns/CallsCommands.php(28): Illuminate\\Console\\Command->runCommand()
#29 /var/www/html/foodics/vendor/laravel/framework/src/Illuminate/Database/Console/Migrations/FreshCommand.php(59): Illuminate\\Console\\Command->call()
#30 /var/www/html/foodics/vendor/laravel/framework/src/Illuminate/Container/BoundMethod.php(36): Illuminate\\Database\\Console\\Migrations\\FreshCommand->handle()
#31 /var/www/html/foodics/vendor/laravel/framework/src/Illuminate/Container/Util.php(41): Illuminate\\Container\\BoundMethod::Illuminate\\Container\\{closure}()
#32 /var/www/html/foodics/vendor/laravel/framework/src/Illuminate/Container/BoundMethod.php(93): Illuminate\\Container\\Util::unwrapIfClosure()
#33 /var/www/html/foodics/vendor/laravel/framework/src/Illuminate/Container/BoundMethod.php(37): Illuminate\\Container\\BoundMethod::callBoundMethod()
#34 /var/www/html/foodics/vendor/laravel/framework/src/Illuminate/Container/Container.php(651): Illuminate\\Container\\BoundMethod::call()
#35 /var/www/html/foodics/vendor/laravel/framework/src/Illuminate/Console/Command.php(178): Illuminate\\Container\\Container->call()
#36 /var/www/html/foodics/vendor/symfony/console/Command/Command.php(291): Illuminate\\Console\\Command->execute()
#37 /var/www/html/foodics/vendor/laravel/framework/src/Illuminate/Console/Command.php(148): Symfony\\Component\\Console\\Command\\Command->run()
#38 /var/www/html/foodics/vendor/symfony/console/Application.php(1014): Illuminate\\Console\\Command->run()
#39 /var/www/html/foodics/vendor/symfony/console/Application.php(301): Symfony\\Component\\Console\\Application->doRunCommand()
#40 /var/www/html/foodics/vendor/symfony/console/Application.php(171): Symfony\\Component\\Console\\Application->doRun()
#41 /var/www/html/foodics/vendor/laravel/framework/src/Illuminate/Console/Application.php(102): Symfony\\Component\\Console\\Application->run()
#42 /var/www/html/foodics/vendor/laravel/framework/src/Illuminate/Foundation/Console/Kernel.php(155): Illuminate\\Console\\Application->run()
#43 /var/www/html/foodics/artisan(37): Illuminate\\Foundation\\Console\\Kernel->handle()
#44 {main}

[previous exception] [object] (PDOException(code: HY000): SQLSTATE[HY000]: General error: 3734 Failed to add the foreign key constraint. Missing column 'id' for constraint 'product_order_order_id_foreign' in the referenced table 'orders' at /var/www/html/foodics/vendor/laravel/framework/src/Illuminate/Database/Connection.php:545)
[stacktrace]
#0 /var/www/html/foodics/vendor/laravel/framework/src/Illuminate/Database/Connection.php(545): PDOStatement->execute()
#1 /var/www/html/foodics/vendor/laravel/framework/src/Illuminate/Database/Connection.php(753): Illuminate\\Database\\Connection->Illuminate\\Database\\{closure}()
#2 /var/www/html/foodics/vendor/laravel/framework/src/Illuminate/Database/Connection.php(720): Illuminate\\Database\\Connection->runQueryCallback()
#3 /var/www/html/foodics/vendor/laravel/framework/src/Illuminate/Database/Connection.php(546): Illuminate\\Database\\Connection->run()
#4 /var/www/html/foodics/vendor/laravel/framework/src/Illuminate/Database/Schema/Blueprint.php(109): Illuminate\\Database\\Connection->statement()
#5 /var/www/html/foodics/vendor/laravel/framework/src/Illuminate/Database/Schema/Builder.php(404): Illuminate\\Database\\Schema\\Blueprint->build()
#6 /var/www/html/foodics/vendor/laravel/framework/src/Illuminate/Database/Schema/Builder.php(267): Illuminate\\Database\\Schema\\Builder->build()
#7 /var/www/html/foodics/vendor/laravel/framework/src/Illuminate/Support/Facades/Facade.php(338): Illuminate\\Database\\Schema\\Builder->create()
#8 /var/www/html/foodics/database/migrations/2022_11_07_144007_create_product_order_table.php(23): Illuminate\\Support\\Facades\\Facade::__callStatic()
#9 /var/www/html/foodics/vendor/laravel/framework/src/Illuminate/Database/Migrations/Migrator.php(482): Illuminate\\Database\\Migrations\\Migration@anonymous->up()
#10 /var/www/html/foodics/vendor/laravel/framework/src/Illuminate/Database/Migrations/Migrator.php(400): Illuminate\\Database\\Migrations\\Migrator->runMethod()
#11 /var/www/html/foodics/vendor/laravel/framework/src/Illuminate/Database/Migrations/Migrator.php(409): Illuminate\\Database\\Migrations\\Migrator->Illuminate\\Database\\Migrations\\{closure}()
#12 /var/www/html/foodics/vendor/laravel/framework/src/Illuminate/Database/Migrations/Migrator.php(210): Illuminate\\Database\\Migrations\\Migrator->runMigration()
#13 /var/www/html/foodics/vendor/laravel/framework/src/Illuminate/Console/View/Components/Task.php(36): Illuminate\\Database\\Migrations\\Migrator->Illuminate\\Database\\Migrations\\{closure}()
#14 /var/www/html/foodics/vendor/laravel/framework/src/Illuminate/Database/Migrations/Migrator.php(740): Illuminate\\Console\\View\\Components\\Task->render()
#15 /var/www/html/foodics/vendor/laravel/framework/src/Illuminate/Database/Migrations/Migrator.php(210): Illuminate\\Database\\Migrations\\Migrator->write()
#16 /var/www/html/foodics/vendor/laravel/framework/src/Illuminate/Database/Migrations/Migrator.php(175): Illuminate\\Database\\Migrations\\Migrator->runUp()
#17 /var/www/html/foodics/vendor/laravel/framework/src/Illuminate/Database/Migrations/Migrator.php(118): Illuminate\\Database\\Migrations\\Migrator->runPending()
#18 /var/www/html/foodics/vendor/laravel/framework/src/Illuminate/Database/Console/Migrations/MigrateCommand.php(90): Illuminate\\Database\\Migrations\\Migrator->run()
#19 /var/www/html/foodics/vendor/laravel/framework/src/Illuminate/Database/Migrations/Migrator.php(616): Illuminate\\Database\\Console\\Migrations\\MigrateCommand->Illuminate\\Database\\Console\\Migrations\\{closure}()
#20 /var/www/html/foodics/vendor/laravel/framework/src/Illuminate/Database/Console/Migrations/MigrateCommand.php(102): Illuminate\\Database\\Migrations\\Migrator->usingConnection()
#21 /var/www/html/foodics/vendor/laravel/framework/src/Illuminate/Container/BoundMethod.php(36): Illuminate\\Database\\Console\\Migrations\\MigrateCommand->handle()
#22 /var/www/html/foodics/vendor/laravel/framework/src/Illuminate/Container/Util.php(41): Illuminate\\Container\\BoundMethod::Illuminate\\Container\\{closure}()
#23 /var/www/html/foodics/vendor/laravel/framework/src/Illuminate/Container/BoundMethod.php(93): Illuminate\\Container\\Util::unwrapIfClosure()
#24 /var/www/html/foodics/vendor/laravel/framework/src/Illuminate/Container/BoundMethod.php(37): Illuminate\\Container\\BoundMethod::callBoundMethod()
#25 /var/www/html/foodics/vendor/laravel/framework/src/Illuminate/Container/Container.php(651): Illuminate\\Container\\BoundMethod::call()
#26 /var/www/html/foodics/vendor/laravel/framework/src/Illuminate/Console/Command.php(178): Illuminate\\Container\\Container->call()
#27 /var/www/html/foodics/vendor/symfony/console/Command/Command.php(291): Illuminate\\Console\\Command->execute()
#28 /var/www/html/foodics/vendor/laravel/framework/src/Illuminate/Console/Command.php(148): Symfony\\Component\\Console\\Command\\Command->run()
#29 /var/www/html/foodics/vendor/laravel/framework/src/Illuminate/Console/Concerns/CallsCommands.php(68): Illuminate\\Console\\Command->run()
#30 /var/www/html/foodics/vendor/laravel/framework/src/Illuminate/Console/Concerns/CallsCommands.php(28): Illuminate\\Console\\Command->runCommand()
#31 /var/www/html/foodics/vendor/laravel/framework/src/Illuminate/Database/Console/Migrations/FreshCommand.php(59): Illuminate\\Console\\Command->call()
#32 /var/www/html/foodics/vendor/laravel/framework/src/Illuminate/Container/BoundMethod.php(36): Illuminate\\Database\\Console\\Migrations\\FreshCommand->handle()
#33 /var/www/html/foodics/vendor/laravel/framework/src/Illuminate/Container/Util.php(41): Illuminate\\Container\\BoundMethod::Illuminate\\Container\\{closure}()
#34 /var/www/html/foodics/vendor/laravel/framework/src/Illuminate/Container/BoundMethod.php(93): Illuminate\\Container\\Util::unwrapIfClosure()
#35 /var/www/html/foodics/vendor/laravel/framework/src/Illuminate/Container/BoundMethod.php(37): Illuminate\\Container\\BoundMethod::callBoundMethod()
#36 /var/www/html/foodics/vendor/laravel/framework/src/Illuminate/Container/Container.php(651): Illuminate\\Container\\BoundMethod::call()
#37 /var/www/html/foodics/vendor/laravel/framework/src/Illuminate/Console/Command.php(178): Illuminate\\Container\\Container->call()
#38 /var/www/html/foodics/vendor/symfony/console/Command/Command.php(291): Illuminate\\Console\\Command->execute()
#39 /var/www/html/foodics/vendor/laravel/framework/src/Illuminate/Console/Command.php(148): Symfony\\Component\\Console\\Command\\Command->run()
#40 /var/www/html/foodics/vendor/symfony/console/Application.php(1014): Illuminate\\Console\\Command->run()
#41 /var/www/html/foodics/vendor/symfony/console/Application.php(301): Symfony\\Component\\Console\\Application->doRunCommand()
#42 /var/www/html/foodics/vendor/symfony/console/Application.php(171): Symfony\\Component\\Console\\Application->doRun()
#43 /var/www/html/foodics/vendor/laravel/framework/src/Illuminate/Console/Application.php(102): Symfony\\Component\\Console\\Application->run()
#44 /var/www/html/foodics/vendor/laravel/framework/src/Illuminate/Foundation/Console/Kernel.php(155): Illuminate\\Console\\Application->run()
#45 /var/www/html/foodics/artisan(37): Illuminate\\Foundation\\Console\\Kernel->handle()
#46 {main}
"} 
[2022-11-07 15:20:32] local.ERROR: Too many arguments to "make:model" command, expected arguments "name". {"exception":"[object] (Symfony\\Component\\Console\\Exception\\RuntimeException(code: 0): Too many arguments to \"make:model\" command, expected arguments \"name\". at /var/www/html/foodics/vendor/symfony/console/Input/ArgvInput.php:193)
[stacktrace]
#0 /var/www/html/foodics/vendor/symfony/console/Input/ArgvInput.php(86): Symfony\\Component\\Console\\Input\\ArgvInput->parseArgument()
#1 /var/www/html/foodics/vendor/symfony/console/Input/ArgvInput.php(71): Symfony\\Component\\Console\\Input\\ArgvInput->parseToken()
#2 /var/www/html/foodics/vendor/symfony/console/Input/Input.php(55): Symfony\\Component\\Console\\Input\\ArgvInput->parse()
#3 /var/www/html/foodics/vendor/symfony/console/Command/Command.php(250): Symfony\\Component\\Console\\Input\\Input->bind()
#4 /var/www/html/foodics/vendor/laravel/framework/src/Illuminate/Console/Command.php(148): Symfony\\Component\\Console\\Command\\Command->run()
#5 /var/www/html/foodics/vendor/symfony/console/Application.php(1014): Illuminate\\Console\\Command->run()
#6 /var/www/html/foodics/vendor/symfony/console/Application.php(301): Symfony\\Component\\Console\\Application->doRunCommand()
#7 /var/www/html/foodics/vendor/symfony/console/Application.php(171): Symfony\\Component\\Console\\Application->doRun()
#8 /var/www/html/foodics/vendor/laravel/framework/src/Illuminate/Console/Application.php(102): Symfony\\Component\\Console\\Application->run()
#9 /var/www/html/foodics/vendor/laravel/framework/src/Illuminate/Foundation/Console/Kernel.php(155): Illuminate\\Console\\Application->run()
#10 /var/www/html/foodics/artisan(37): Illuminate\\Foundation\\Console\\Kernel->handle()
#11 {main}
"} 
[2022-11-07 15:20:41] local.ERROR: Too many arguments to "make:model" command, expected arguments "name". {"exception":"[object] (Symfony\\Component\\Console\\Exception\\RuntimeException(code: 0): Too many arguments to \"make:model\" command, expected arguments \"name\". at /var/www/html/foodics/vendor/symfony/console/Input/ArgvInput.php:193)
[stacktrace]
#0 /var/www/html/foodics/vendor/symfony/console/Input/ArgvInput.php(86): Symfony\\Component\\Console\\Input\\ArgvInput->parseArgument()
#1 /var/www/html/foodics/vendor/symfony/console/Input/ArgvInput.php(71): Symfony\\Component\\Console\\Input\\ArgvInput->parseToken()
#2 /var/www/html/foodics/vendor/symfony/console/Input/Input.php(55): Symfony\\Component\\Console\\Input\\ArgvInput->parse()
#3 /var/www/html/foodics/vendor/symfony/console/Command/Command.php(250): Symfony\\Component\\Console\\Input\\Input->bind()
#4 /var/www/html/foodics/vendor/laravel/framework/src/Illuminate/Console/Command.php(148): Symfony\\Component\\Console\\Command\\Command->run()
#5 /var/www/html/foodics/vendor/symfony/console/Application.php(1014): Illuminate\\Console\\Command->run()
#6 /var/www/html/foodics/vendor/symfony/console/Application.php(301): Symfony\\Component\\Console\\Application->doRunCommand()
#7 /var/www/html/foodics/vendor/symfony/console/Application.php(171): Symfony\\Component\\Console\\Application->doRun()
#8 /var/www/html/foodics/vendor/laravel/framework/src/Illuminate/Console/Application.php(102): Symfony\\Component\\Console\\Application->run()
#9 /var/www/html/foodics/vendor/laravel/framework/src/Illuminate/Foundation/Console/Kernel.php(155): Illuminate\\Console\\Application->run()
#10 /var/www/html/foodics/artisan(37): Illuminate\\Foundation\\Console\\Kernel->handle()
#11 {main}
"} 
[2022-11-07 15:41:55] local.ERROR: SQLSTATE[42S22]: Column not found: 1054 Unknown column 'id' in 'field list' (SQL: insert into `stocks` (`id`, `ingredient_id`, `amount`, `updated_at`, `created_at`) values (04dbfe6e-cbc7-4296-ae2b-24e95ef74268, 2fde2131-cf24-4093-826a-d1b967513b35, 067, 2022-11-07 15:41:55, 2022-11-07 15:41:55)) {"exception":"[object] (Illuminate\\Database\\QueryException(code: 42S22): SQLSTATE[42S22]: Column not found: 1054 Unknown column 'id' in 'field list' (SQL: insert into `stocks` (`id`, `ingredient_id`, `amount`, `updated_at`, `created_at`) values (04dbfe6e-cbc7-4296-ae2b-24e95ef74268, 2fde2131-cf24-4093-826a-d1b967513b35, 067, 2022-11-07 15:41:55, 2022-11-07 15:41:55)) at /var/www/html/foodics/vendor/laravel/framework/src/Illuminate/Database/Connection.php:760)
[stacktrace]
#0 /var/www/html/foodics/vendor/laravel/framework/src/Illuminate/Database/Connection.php(720): Illuminate\\Database\\Connection->runQueryCallback()
#1 /var/www/html/foodics/vendor/laravel/framework/src/Illuminate/Database/Connection.php(546): Illuminate\\Database\\Connection->run()
#2 /var/www/html/foodics/vendor/laravel/framework/src/Illuminate/Database/Connection.php(498): Illuminate\\Database\\Connection->statement()
#3 /var/www/html/foodics/vendor/laravel/framework/src/Illuminate/Database/Query/Builder.php(3218): Illuminate\\Database\\Connection->insert()
#4 /var/www/html/foodics/vendor/laravel/framework/src/Illuminate/Database/Eloquent/Builder.php(1861): Illuminate\\Database\\Query\\Builder->insert()
#5 /var/www/html/foodics/vendor/laravel/framework/src/Illuminate/Database/Eloquent/Model.php(1298): Illuminate\\Database\\Eloquent\\Builder->__call()
#6 /var/www/html/foodics/vendor/laravel/framework/src/Illuminate/Database/Eloquent/Model.php(1128): Illuminate\\Database\\Eloquent\\Model->performInsert()
#7 /var/www/html/foodics/vendor/laravel/framework/src/Illuminate/Database/Eloquent/Factories/Factory.php(329): Illuminate\\Database\\Eloquent\\Model->save()
#8 /var/www/html/foodics/vendor/laravel/framework/src/Illuminate/Collections/Traits/EnumeratesValues.php(262): Illuminate\\Database\\Eloquent\\Factories\\Factory->Illuminate\\Database\\Eloquent\\Factories\\{closure}()
#9 /var/www/html/foodics/vendor/laravel/framework/src/Illuminate/Database/Eloquent/Factories/Factory.php(332): Illuminate\\Support\\Collection->each()
#10 /var/www/html/foodics/vendor/laravel/framework/src/Illuminate/Database/Eloquent/Factories/Factory.php(282): Illuminate\\Database\\Eloquent\\Factories\\Factory->store()
#11 /var/www/html/foodics/database/seeders/StockSeeder.php(17): Illuminate\\Database\\Eloquent\\Factories\\Factory->create()
#12 /var/www/html/foodics/vendor/laravel/framework/src/Illuminate/Container/BoundMethod.php(36): Database\\Seeders\\StockSeeder->run()
#13 /var/www/html/foodics/vendor/laravel/framework/src/Illuminate/Container/Util.php(41): Illuminate\\Container\\BoundMethod::Illuminate\\Container\\{closure}()
#14 /var/www/html/foodics/vendor/laravel/framework/src/Illuminate/Container/BoundMethod.php(93): Illuminate\\Container\\Util::unwrapIfClosure()
#15 /var/www/html/foodics/vendor/laravel/framework/src/Illuminate/Container/BoundMethod.php(37): Illuminate\\Container\\BoundMethod::callBoundMethod()
#16 /var/www/html/foodics/vendor/laravel/framework/src/Illuminate/Container/Container.php(651): Illuminate\\Container\\BoundMethod::call()
#17 /var/www/html/foodics/vendor/laravel/framework/src/Illuminate/Database/Seeder.php(184): Illuminate\\Container\\Container->call()
#18 /var/www/html/foodics/vendor/laravel/framework/src/Illuminate/Database/Seeder.php(193): Illuminate\\Database\\Seeder->Illuminate\\Database\\{closure}()
#19 /var/www/html/foodics/vendor/laravel/framework/src/Illuminate/Database/Seeder.php(61): Illuminate\\Database\\Seeder->__invoke()
#20 /var/www/html/foodics/database/seeders/DatabaseSeeder.php(18): Illuminate\\Database\\Seeder->call()
#21 /var/www/html/foodics/vendor/laravel/framework/src/Illuminate/Container/BoundMethod.php(36): Database\\Seeders\\DatabaseSeeder->run()
#22 /var/www/html/foodics/vendor/laravel/framework/src/Illuminate/Container/Util.php(41): Illuminate\\Container\\BoundMethod::Illuminate\\Container\\{closure}()
#23 /var/www/html/foodics/vendor/laravel/framework/src/Illuminate/Container/BoundMethod.php(93): Illuminate\\Container\\Util::unwrapIfClosure()
#24 /var/www/html/foodics/vendor/laravel/framework/src/Illuminate/Container/BoundMethod.php(37): Illuminate\\Container\\BoundMethod::callBoundMethod()
#25 /var/www/html/foodics/vendor/laravel/framework/src/Illuminate/Container/Container.php(651): Illuminate\\Container\\BoundMethod::call()
#26 /var/www/html/foodics/vendor/laravel/framework/src/Illuminate/Database/Seeder.php(184): Illuminate\\Container\\Container->call()
#27 /var/www/html/foodics/vendor/laravel/framework/src/Illuminate/Database/Seeder.php(193): Illuminate\\Database\\Seeder->Illuminate\\Database\\{closure}()
#28 /var/www/html/foodics/vendor/laravel/framework/src/Illuminate/Database/Console/Seeds/SeedCommand.php(81): Illuminate\\Database\\Seeder->__invoke()
#29 /var/www/html/foodics/vendor/laravel/framework/src/Illuminate/Database/Eloquent/Concerns/GuardsAttributes.php(155): Illuminate\\Database\\Console\\Seeds\\SeedCommand->Illuminate\\Database\\Console\\Seeds\\{closure}()
#30 /var/www/html/foodics/vendor/laravel/framework/src/Illuminate/Database/Console/Seeds/SeedCommand.php(82): Illuminate\\Database\\Eloquent\\Model::unguarded()
#31 /var/www/html/foodics/vendor/laravel/framework/src/Illuminate/Container/BoundMethod.php(36): Illuminate\\Database\\Console\\Seeds\\SeedCommand->handle()
#32 /var/www/html/foodics/vendor/laravel/framework/src/Illuminate/Container/Util.php(41): Illuminate\\Container\\BoundMethod::Illuminate\\Container\\{closure}()
#33 /var/www/html/foodics/vendor/laravel/framework/src/Illuminate/Container/BoundMethod.php(93): Illuminate\\Container\\Util::unwrapIfClosure()
#34 /var/www/html/foodics/vendor/laravel/framework/src/Illuminate/Container/BoundMethod.php(37): Illuminate\\Container\\BoundMethod::callBoundMethod()
#35 /var/www/html/foodics/vendor/laravel/framework/src/Illuminate/Container/Container.php(651): Illuminate\\Container\\BoundMethod::call()
#36 /var/www/html/foodics/vendor/laravel/framework/src/Illuminate/Console/Command.php(178): Illuminate\\Container\\Container->call()
#37 /var/www/html/foodics/vendor/symfony/console/Command/Command.php(291): Illuminate\\Console\\Command->execute()
#38 /var/www/html/foodics/vendor/laravel/framework/src/Illuminate/Console/Command.php(148): Symfony\\Component\\Console\\Command\\Command->run()
#39 /var/www/html/foodics/vendor/laravel/framework/src/Illuminate/Console/Concerns/CallsCommands.php(68): Illuminate\\Console\\Command->run()
#40 /var/www/html/foodics/vendor/laravel/framework/src/Illuminate/Console/Concerns/CallsCommands.php(28): Illuminate\\Console\\Command->runCommand()
#41 /var/www/html/foodics/vendor/laravel/framework/src/Illuminate/Database/Console/Migrations/FreshCommand.php(94): Illuminate\\Console\\Command->call()
#42 /var/www/html/foodics/vendor/laravel/framework/src/Illuminate/Database/Console/Migrations/FreshCommand.php(69): Illuminate\\Database\\Console\\Migrations\\FreshCommand->runSeeder()
#43 /var/www/html/foodics/vendor/laravel/framework/src/Illuminate/Container/BoundMethod.php(36): Illuminate\\Database\\Console\\Migrations\\FreshCommand->handle()
#44 /var/www/html/foodics/vendor/laravel/framework/src/Illuminate/Container/Util.php(41): Illuminate\\Container\\BoundMethod::Illuminate\\Container\\{closure}()
#45 /var/www/html/foodics/vendor/laravel/framework/src/Illuminate/Container/BoundMethod.php(93): Illuminate\\Container\\Util::unwrapIfClosure()
#46 /var/www/html/foodics/vendor/laravel/framework/src/Illuminate/Container/BoundMethod.php(37): Illuminate\\Container\\BoundMethod::callBoundMethod()
#47 /var/www/html/foodics/vendor/laravel/framework/src/Illuminate/Container/Container.php(651): Illuminate\\Container\\BoundMethod::call()
#48 /var/www/html/foodics/vendor/laravel/framework/src/Illuminate/Console/Command.php(178): Illuminate\\Container\\Container->call()
#49 /var/www/html/foodics/vendor/symfony/console/Command/Command.php(291): Illuminate\\Console\\Command->execute()
#50 /var/www/html/foodics/vendor/laravel/framework/src/Illuminate/Console/Command.php(148): Symfony\\Component\\Console\\Command\\Command->run()
#51 /var/www/html/foodics/vendor/symfony/console/Application.php(1014): Illuminate\\Console\\Command->run()
#52 /var/www/html/foodics/vendor/symfony/console/Application.php(301): Symfony\\Component\\Console\\Application->doRunCommand()
#53 /var/www/html/foodics/vendor/symfony/console/Application.php(171): Symfony\\Component\\Console\\Application->doRun()
#54 /var/www/html/foodics/vendor/laravel/framework/src/Illuminate/Console/Application.php(102): Symfony\\Component\\Console\\Application->run()
#55 /var/www/html/foodics/vendor/laravel/framework/src/Illuminate/Foundation/Console/Kernel.php(155): Illuminate\\Console\\Application->run()
#56 /var/www/html/foodics/artisan(37): Illuminate\\Foundation\\Console\\Kernel->handle()
#57 {main}

[previous exception] [object] (PDOException(code: 42S22): SQLSTATE[42S22]: Column not found: 1054 Unknown column 'id' in 'field list' at /var/www/html/foodics/vendor/laravel/framework/src/Illuminate/Database/Connection.php:539)
[stacktrace]
#0 /var/www/html/foodics/vendor/laravel/framework/src/Illuminate/Database/Connection.php(539): PDO->prepare()
#1 /var/www/html/foodics/vendor/laravel/framework/src/Illuminate/Database/Connection.php(753): Illuminate\\Database\\Connection->Illuminate\\Database\\{closure}()
#2 /var/www/html/foodics/vendor/laravel/framework/src/Illuminate/Database/Connection.php(720): Illuminate\\Database\\Connection->runQueryCallback()
#3 /var/www/html/foodics/vendor/laravel/framework/src/Illuminate/Database/Connection.php(546): Illuminate\\Database\\Connection->run()
#4 /var/www/html/foodics/vendor/laravel/framework/src/Illuminate/Database/Connection.php(498): Illuminate\\Database\\Connection->statement()
#5 /var/www/html/foodics/vendor/laravel/framework/src/Illuminate/Database/Query/Builder.php(3218): Illuminate\\Database\\Connection->insert()
#6 /var/www/html/foodics/vendor/laravel/framework/src/Illuminate/Database/Eloquent/Builder.php(1861): Illuminate\\Database\\Query\\Builder->insert()
#7 /var/www/html/foodics/vendor/laravel/framework/src/Illuminate/Database/Eloquent/Model.php(1298): Illuminate\\Database\\Eloquent\\Builder->__call()
#8 /var/www/html/foodics/vendor/laravel/framework/src/Illuminate/Database/Eloquent/Model.php(1128): Illuminate\\Database\\Eloquent\\Model->performInsert()
#9 /var/www/html/foodics/vendor/laravel/framework/src/Illuminate/Database/Eloquent/Factories/Factory.php(329): Illuminate\\Database\\Eloquent\\Model->save()
#10 /var/www/html/foodics/vendor/laravel/framework/src/Illuminate/Collections/Traits/EnumeratesValues.php(262): Illuminate\\Database\\Eloquent\\Factories\\Factory->Illuminate\\Database\\Eloquent\\Factories\\{closure}()
#11 /var/www/html/foodics/vendor/laravel/framework/src/Illuminate/Database/Eloquent/Factories/Factory.php(332): Illuminate\\Support\\Collection->each()
#12 /var/www/html/foodics/vendor/laravel/framework/src/Illuminate/Database/Eloquent/Factories/Factory.php(282): Illuminate\\Database\\Eloquent\\Factories\\Factory->store()
#13 /var/www/html/foodics/database/seeders/StockSeeder.php(17): Illuminate\\Database\\Eloquent\\Factories\\Factory->create()
#14 /var/www/html/foodics/vendor/laravel/framework/src/Illuminate/Container/BoundMethod.php(36): Database\\Seeders\\StockSeeder->run()
#15 /var/www/html/foodics/vendor/laravel/framework/src/Illuminate/Container/Util.php(41): Illuminate\\Container\\BoundMethod::Illuminate\\Container\\{closure}()
#16 /var/www/html/foodics/vendor/laravel/framework/src/Illuminate/Container/BoundMethod.php(93): Illuminate\\Container\\Util::unwrapIfClosure()
#17 /var/www/html/foodics/vendor/laravel/framework/src/Illuminate/Container/BoundMethod.php(37): Illuminate\\Container\\BoundMethod::callBoundMethod()
#18 /var/www/html/foodics/vendor/laravel/framework/src/Illuminate/Container/Container.php(651): Illuminate\\Container\\BoundMethod::call()
#19 /var/www/html/foodics/vendor/laravel/framework/src/Illuminate/Database/Seeder.php(184): Illuminate\\Container\\Container->call()
#20 /var/www/html/foodics/vendor/laravel/framework/src/Illuminate/Database/Seeder.php(193): Illuminate\\Database\\Seeder->Illuminate\\Database\\{closure}()
#21 /var/www/html/foodics/vendor/laravel/framework/src/Illuminate/Database/Seeder.php(61): Illuminate\\Database\\Seeder->__invoke()
#22 /var/www/html/foodics/database/seeders/DatabaseSeeder.php(18): Illuminate\\Database\\Seeder->call()
#23 /var/www/html/foodics/vendor/laravel/framework/src/Illuminate/Container/BoundMethod.php(36): Database\\Seeders\\DatabaseSeeder->run()
#24 /var/www/html/foodics/vendor/laravel/framework/src/Illuminate/Container/Util.php(41): Illuminate\\Container\\BoundMethod::Illuminate\\Container\\{closure}()
#25 /var/www/html/foodics/vendor/laravel/framework/src/Illuminate/Container/BoundMethod.php(93): Illuminate\\Container\\Util::unwrapIfClosure()
#26 /var/www/html/foodics/vendor/laravel/framework/src/Illuminate/Container/BoundMethod.php(37): Illuminate\\Container\\BoundMethod::callBoundMethod()
#27 /var/www/html/foodics/vendor/laravel/framework/src/Illuminate/Container/Container.php(651): Illuminate\\Container\\BoundMethod::call()
#28 /var/www/html/foodics/vendor/laravel/framework/src/Illuminate/Database/Seeder.php(184): Illuminate\\Container\\Container->call()
#29 /var/www/html/foodics/vendor/laravel/framework/src/Illuminate/Database/Seeder.php(193): Illuminate\\Database\\Seeder->Illuminate\\Database\\{closure}()
#30 /var/www/html/foodics/vendor/laravel/framework/src/Illuminate/Database/Console/Seeds/SeedCommand.php(81): Illuminate\\Database\\Seeder->__invoke()
#31 /var/www/html/foodics/vendor/laravel/framework/src/Illuminate/Database/Eloquent/Concerns/GuardsAttributes.php(155): Illuminate\\Database\\Console\\Seeds\\SeedCommand->Illuminate\\Database\\Console\\Seeds\\{closure}()
#32 /var/www/html/foodics/vendor/laravel/framework/src/Illuminate/Database/Console/Seeds/SeedCommand.php(82): Illuminate\\Database\\Eloquent\\Model::unguarded()
#33 /var/www/html/foodics/vendor/laravel/framework/src/Illuminate/Container/BoundMethod.php(36): Illuminate\\Database\\Console\\Seeds\\SeedCommand->handle()
#34 /var/www/html/foodics/vendor/laravel/framework/src/Illuminate/Container/Util.php(41): Illuminate\\Container\\BoundMethod::Illuminate\\Container\\{closure}()
#35 /var/www/html/foodics/vendor/laravel/framework/src/Illuminate/Container/BoundMethod.php(93): Illuminate\\Container\\Util::unwrapIfClosure()
#36 /var/www/html/foodics/vendor/laravel/framework/src/Illuminate/Container/BoundMethod.php(37): Illuminate\\Container\\BoundMethod::callBoundMethod()
#37 /var/www/html/foodics/vendor/laravel/framework/src/Illuminate/Container/Container.php(651): Illuminate\\Container\\BoundMethod::call()
#38 /var/www/html/foodics/vendor/laravel/framework/src/Illuminate/Console/Command.php(178): Illuminate\\Container\\Container->call()
#39 /var/www/html/foodics/vendor/symfony/console/Command/Command.php(291): Illuminate\\Console\\Command->execute()
#40 /var/www/html/foodics/vendor/laravel/framework/src/Illuminate/Console/Command.php(148): Symfony\\Component\\Console\\Command\\Command->run()
#41 /var/www/html/foodics/vendor/laravel/framework/src/Illuminate/Console/Concerns/CallsCommands.php(68): Illuminate\\Console\\Command->run()
#42 /var/www/html/foodics/vendor/laravel/framework/src/Illuminate/Console/Concerns/CallsCommands.php(28): Illuminate\\Console\\Command->runCommand()
#43 /var/www/html/foodics/vendor/laravel/framework/src/Illuminate/Database/Console/Migrations/FreshCommand.php(94): Illuminate\\Console\\Command->call()
#44 /var/www/html/foodics/vendor/laravel/framework/src/Illuminate/Database/Console/Migrations/FreshCommand.php(69): Illuminate\\Database\\Console\\Migrations\\FreshCommand->runSeeder()
#45 /var/www/html/foodics/vendor/laravel/framework/src/Illuminate/Container/BoundMethod.php(36): Illuminate\\Database\\Console\\Migrations\\FreshCommand->handle()
#46 /var/www/html/foodics/vendor/laravel/framework/src/Illuminate/Container/Util.php(41): Illuminate\\Container\\BoundMethod::Illuminate\\Container\\{closure}()
#47 /var/www/html/foodics/vendor/laravel/framework/src/Illuminate/Container/BoundMethod.php(93): Illuminate\\Container\\Util::unwrapIfClosure()
#48 /var/www/html/foodics/vendor/laravel/framework/src/Illuminate/Container/BoundMethod.php(37): Illuminate\\Container\\BoundMethod::callBoundMethod()
#49 /var/www/html/foodics/vendor/laravel/framework/src/Illuminate/Container/Container.php(651): Illuminate\\Container\\BoundMethod::call()
#50 /var/www/html/foodics/vendor/laravel/framework/src/Illuminate/Console/Command.php(178): Illuminate\\Container\\Container->call()
#51 /var/www/html/foodics/vendor/symfony/console/Command/Command.php(291): Illuminate\\Console\\Command->execute()
#52 /var/www/html/foodics/vendor/laravel/framework/src/Illuminate/Console/Command.php(148): Symfony\\Component\\Console\\Command\\Command->run()
#53 /var/www/html/foodics/vendor/symfony/console/Application.php(1014): Illuminate\\Console\\Command->run()
#54 /var/www/html/foodics/vendor/symfony/console/Application.php(301): Symfony\\Component\\Console\\Application->doRunCommand()
#55 /var/www/html/foodics/vendor/symfony/console/Application.php(171): Symfony\\Component\\Console\\Application->doRun()
#56 /var/www/html/foodics/vendor/laravel/framework/src/Illuminate/Console/Application.php(102): Symfony\\Component\\Console\\Application->run()
#57 /var/www/html/foodics/vendor/laravel/framework/src/Illuminate/Foundation/Console/Kernel.php(155): Illuminate\\Console\\Application->run()
#58 /var/www/html/foodics/artisan(37): Illuminate\\Foundation\\Console\\Kernel->handle()
#59 {main}
"} 
[2022-11-07 15:42:29] local.ERROR: SQLSTATE[42S22]: Column not found: 1054 Unknown column 'amount' in 'field list' (SQL: insert into `stocks` (`id`, `ingredient_id`, `amount`, `updated_at`, `created_at`) values (6aece9d2-ddbb-447c-9b6a-8091931a6af4, 88745a2a-b8a6-4aa6-bb2e-6cbcc59e29f4, 847, 2022-11-07 15:42:29, 2022-11-07 15:42:29)) {"exception":"[object] (Illuminate\\Database\\QueryException(code: 42S22): SQLSTATE[42S22]: Column not found: 1054 Unknown column 'amount' in 'field list' (SQL: insert into `stocks` (`id`, `ingredient_id`, `amount`, `updated_at`, `created_at`) values (6aece9d2-ddbb-447c-9b6a-8091931a6af4, 88745a2a-b8a6-4aa6-bb2e-6cbcc59e29f4, 847, 2022-11-07 15:42:29, 2022-11-07 15:42:29)) at /var/www/html/foodics/vendor/laravel/framework/src/Illuminate/Database/Connection.php:760)
[stacktrace]
#0 /var/www/html/foodics/vendor/laravel/framework/src/Illuminate/Database/Connection.php(720): Illuminate\\Database\\Connection->runQueryCallback()
#1 /var/www/html/foodics/vendor/laravel/framework/src/Illuminate/Database/Connection.php(546): Illuminate\\Database\\Connection->run()
#2 /var/www/html/foodics/vendor/laravel/framework/src/Illuminate/Database/Connection.php(498): Illuminate\\Database\\Connection->statement()
#3 /var/www/html/foodics/vendor/laravel/framework/src/Illuminate/Database/Query/Builder.php(3218): Illuminate\\Database\\Connection->insert()
#4 /var/www/html/foodics/vendor/laravel/framework/src/Illuminate/Database/Eloquent/Builder.php(1861): Illuminate\\Database\\Query\\Builder->insert()
#5 /var/www/html/foodics/vendor/laravel/framework/src/Illuminate/Database/Eloquent/Model.php(1298): Illuminate\\Database\\Eloquent\\Builder->__call()
#6 /var/www/html/foodics/vendor/laravel/framework/src/Illuminate/Database/Eloquent/Model.php(1128): Illuminate\\Database\\Eloquent\\Model->performInsert()
#7 /var/www/html/foodics/vendor/laravel/framework/src/Illuminate/Database/Eloquent/Factories/Factory.php(329): Illuminate\\Database\\Eloquent\\Model->save()
#8 /var/www/html/foodics/vendor/laravel/framework/src/Illuminate/Collections/Traits/EnumeratesValues.php(262): Illuminate\\Database\\Eloquent\\Factories\\Factory->Illuminate\\Database\\Eloquent\\Factories\\{closure}()
#9 /var/www/html/foodics/vendor/laravel/framework/src/Illuminate/Database/Eloquent/Factories/Factory.php(332): Illuminate\\Support\\Collection->each()
#10 /var/www/html/foodics/vendor/laravel/framework/src/Illuminate/Database/Eloquent/Factories/Factory.php(282): Illuminate\\Database\\Eloquent\\Factories\\Factory->store()
#11 /var/www/html/foodics/database/seeders/StockSeeder.php(17): Illuminate\\Database\\Eloquent\\Factories\\Factory->create()
#12 /var/www/html/foodics/vendor/laravel/framework/src/Illuminate/Container/BoundMethod.php(36): Database\\Seeders\\StockSeeder->run()
#13 /var/www/html/foodics/vendor/laravel/framework/src/Illuminate/Container/Util.php(41): Illuminate\\Container\\BoundMethod::Illuminate\\Container\\{closure}()
#14 /var/www/html/foodics/vendor/laravel/framework/src/Illuminate/Container/BoundMethod.php(93): Illuminate\\Container\\Util::unwrapIfClosure()
#15 /var/www/html/foodics/vendor/laravel/framework/src/Illuminate/Container/BoundMethod.php(37): Illuminate\\Container\\BoundMethod::callBoundMethod()
#16 /var/www/html/foodics/vendor/laravel/framework/src/Illuminate/Container/Container.php(651): Illuminate\\Container\\BoundMethod::call()
#17 /var/www/html/foodics/vendor/laravel/framework/src/Illuminate/Database/Seeder.php(184): Illuminate\\Container\\Container->call()
#18 /var/www/html/foodics/vendor/laravel/framework/src/Illuminate/Database/Seeder.php(193): Illuminate\\Database\\Seeder->Illuminate\\Database\\{closure}()
#19 /var/www/html/foodics/vendor/laravel/framework/src/Illuminate/Database/Seeder.php(61): Illuminate\\Database\\Seeder->__invoke()
#20 /var/www/html/foodics/database/seeders/DatabaseSeeder.php(18): Illuminate\\Database\\Seeder->call()
#21 /var/www/html/foodics/vendor/laravel/framework/src/Illuminate/Container/BoundMethod.php(36): Database\\Seeders\\DatabaseSeeder->run()
#22 /var/www/html/foodics/vendor/laravel/framework/src/Illuminate/Container/Util.php(41): Illuminate\\Container\\BoundMethod::Illuminate\\Container\\{closure}()
#23 /var/www/html/foodics/vendor/laravel/framework/src/Illuminate/Container/BoundMethod.php(93): Illuminate\\Container\\Util::unwrapIfClosure()
#24 /var/www/html/foodics/vendor/laravel/framework/src/Illuminate/Container/BoundMethod.php(37): Illuminate\\Container\\BoundMethod::callBoundMethod()
#25 /var/www/html/foodics/vendor/laravel/framework/src/Illuminate/Container/Container.php(651): Illuminate\\Container\\BoundMethod::call()
#26 /var/www/html/foodics/vendor/laravel/framework/src/Illuminate/Database/Seeder.php(184): Illuminate\\Container\\Container->call()
#27 /var/www/html/foodics/vendor/laravel/framework/src/Illuminate/Database/Seeder.php(193): Illuminate\\Database\\Seeder->Illuminate\\Database\\{closure}()
#28 /var/www/html/foodics/vendor/laravel/framework/src/Illuminate/Database/Console/Seeds/SeedCommand.php(81): Illuminate\\Database\\Seeder->__invoke()
#29 /var/www/html/foodics/vendor/laravel/framework/src/Illuminate/Database/Eloquent/Concerns/GuardsAttributes.php(155): Illuminate\\Database\\Console\\Seeds\\SeedCommand->Illuminate\\Database\\Console\\Seeds\\{closure}()
#30 /var/www/html/foodics/vendor/laravel/framework/src/Illuminate/Database/Console/Seeds/SeedCommand.php(82): Illuminate\\Database\\Eloquent\\Model::unguarded()
#31 /var/www/html/foodics/vendor/laravel/framework/src/Illuminate/Container/BoundMethod.php(36): Illuminate\\Database\\Console\\Seeds\\SeedCommand->handle()
#32 /var/www/html/foodics/vendor/laravel/framework/src/Illuminate/Container/Util.php(41): Illuminate\\Container\\BoundMethod::Illuminate\\Container\\{closure}()
#33 /var/www/html/foodics/vendor/laravel/framework/src/Illuminate/Container/BoundMethod.php(93): Illuminate\\Container\\Util::unwrapIfClosure()
#34 /var/www/html/foodics/vendor/laravel/framework/src/Illuminate/Container/BoundMethod.php(37): Illuminate\\Container\\BoundMethod::callBoundMethod()
#35 /var/www/html/foodics/vendor/laravel/framework/src/Illuminate/Container/Container.php(651): Illuminate\\Container\\BoundMethod::call()
#36 /var/www/html/foodics/vendor/laravel/framework/src/Illuminate/Console/Command.php(178): Illuminate\\Container\\Container->call()
#37 /var/www/html/foodics/vendor/symfony/console/Command/Command.php(291): Illuminate\\Console\\Command->execute()
#38 /var/www/html/foodics/vendor/laravel/framework/src/Illuminate/Console/Command.php(148): Symfony\\Component\\Console\\Command\\Command->run()
#39 /var/www/html/foodics/vendor/laravel/framework/src/Illuminate/Console/Concerns/CallsCommands.php(68): Illuminate\\Console\\Command->run()
#40 /var/www/html/foodics/vendor/laravel/framework/src/Illuminate/Console/Concerns/CallsCommands.php(28): Illuminate\\Console\\Command->runCommand()
#41 /var/www/html/foodics/vendor/laravel/framework/src/Illuminate/Database/Console/Migrations/FreshCommand.php(94): Illuminate\\Console\\Command->call()
#42 /var/www/html/foodics/vendor/laravel/framework/src/Illuminate/Database/Console/Migrations/FreshCommand.php(69): Illuminate\\Database\\Console\\Migrations\\FreshCommand->runSeeder()
#43 /var/www/html/foodics/vendor/laravel/framework/src/Illuminate/Container/BoundMethod.php(36): Illuminate\\Database\\Console\\Migrations\\FreshCommand->handle()
#44 /var/www/html/foodics/vendor/laravel/framework/src/Illuminate/Container/Util.php(41): Illuminate\\Container\\BoundMethod::Illuminate\\Container\\{closure}()
#45 /var/www/html/foodics/vendor/laravel/framework/src/Illuminate/Container/BoundMethod.php(93): Illuminate\\Container\\Util::unwrapIfClosure()
#46 /var/www/html/foodics/vendor/laravel/framework/src/Illuminate/Container/BoundMethod.php(37): Illuminate\\Container\\BoundMethod::callBoundMethod()
#47 /var/www/html/foodics/vendor/laravel/framework/src/Illuminate/Container/Container.php(651): Illuminate\\Container\\BoundMethod::call()
#48 /var/www/html/foodics/vendor/laravel/framework/src/Illuminate/Console/Command.php(178): Illuminate\\Container\\Container->call()
#49 /var/www/html/foodics/vendor/symfony/console/Command/Command.php(291): Illuminate\\Console\\Command->execute()
#50 /var/www/html/foodics/vendor/laravel/framework/src/Illuminate/Console/Command.php(148): Symfony\\Component\\Console\\Command\\Command->run()
#51 /var/www/html/foodics/vendor/symfony/console/Application.php(1014): Illuminate\\Console\\Command->run()
#52 /var/www/html/foodics/vendor/symfony/console/Application.php(301): Symfony\\Component\\Console\\Application->doRunCommand()
#53 /var/www/html/foodics/vendor/symfony/console/Application.php(171): Symfony\\Component\\Console\\Application->doRun()
#54 /var/www/html/foodics/vendor/laravel/framework/src/Illuminate/Console/Application.php(102): Symfony\\Component\\Console\\Application->run()
#55 /var/www/html/foodics/vendor/laravel/framework/src/Illuminate/Foundation/Console/Kernel.php(155): Illuminate\\Console\\Application->run()
#56 /var/www/html/foodics/artisan(37): Illuminate\\Foundation\\Console\\Kernel->handle()
#57 {main}

[previous exception] [object] (PDOException(code: 42S22): SQLSTATE[42S22]: Column not found: 1054 Unknown column 'amount' in 'field list' at /var/www/html/foodics/vendor/laravel/framework/src/Illuminate/Database/Connection.php:539)
[stacktrace]
#0 /var/www/html/foodics/vendor/laravel/framework/src/Illuminate/Database/Connection.php(539): PDO->prepare()
#1 /var/www/html/foodics/vendor/laravel/framework/src/Illuminate/Database/Connection.php(753): Illuminate\\Database\\Connection->Illuminate\\Database\\{closure}()
#2 /var/www/html/foodics/vendor/laravel/framework/src/Illuminate/Database/Connection.php(720): Illuminate\\Database\\Connection->runQueryCallback()
#3 /var/www/html/foodics/vendor/laravel/framework/src/Illuminate/Database/Connection.php(546): Illuminate\\Database\\Connection->run()
#4 /var/www/html/foodics/vendor/laravel/framework/src/Illuminate/Database/Connection.php(498): Illuminate\\Database\\Connection->statement()
#5 /var/www/html/foodics/vendor/laravel/framework/src/Illuminate/Database/Query/Builder.php(3218): Illuminate\\Database\\Connection->insert()
#6 /var/www/html/foodics/vendor/laravel/framework/src/Illuminate/Database/Eloquent/Builder.php(1861): Illuminate\\Database\\Query\\Builder->insert()
#7 /var/www/html/foodics/vendor/laravel/framework/src/Illuminate/Database/Eloquent/Model.php(1298): Illuminate\\Database\\Eloquent\\Builder->__call()
#8 /var/www/html/foodics/vendor/laravel/framework/src/Illuminate/Database/Eloquent/Model.php(1128): Illuminate\\Database\\Eloquent\\Model->performInsert()
#9 /var/www/html/foodics/vendor/laravel/framework/src/Illuminate/Database/Eloquent/Factories/Factory.php(329): Illuminate\\Database\\Eloquent\\Model->save()
#10 /var/www/html/foodics/vendor/laravel/framework/src/Illuminate/Collections/Traits/EnumeratesValues.php(262): Illuminate\\Database\\Eloquent\\Factories\\Factory->Illuminate\\Database\\Eloquent\\Factories\\{closure}()
#11 /var/www/html/foodics/vendor/laravel/framework/src/Illuminate/Database/Eloquent/Factories/Factory.php(332): Illuminate\\Support\\Collection->each()
#12 /var/www/html/foodics/vendor/laravel/framework/src/Illuminate/Database/Eloquent/Factories/Factory.php(282): Illuminate\\Database\\Eloquent\\Factories\\Factory->store()
#13 /var/www/html/foodics/database/seeders/StockSeeder.php(17): Illuminate\\Database\\Eloquent\\Factories\\Factory->create()
#14 /var/www/html/foodics/vendor/laravel/framework/src/Illuminate/Container/BoundMethod.php(36): Database\\Seeders\\StockSeeder->run()
#15 /var/www/html/foodics/vendor/laravel/framework/src/Illuminate/Container/Util.php(41): Illuminate\\Container\\BoundMethod::Illuminate\\Container\\{closure}()
#16 /var/www/html/foodics/vendor/laravel/framework/src/Illuminate/Container/BoundMethod.php(93): Illuminate\\Container\\Util::unwrapIfClosure()
#17 /var/www/html/foodics/vendor/laravel/framework/src/Illuminate/Container/BoundMethod.php(37): Illuminate\\Container\\BoundMethod::callBoundMethod()
#18 /var/www/html/foodics/vendor/laravel/framework/src/Illuminate/Container/Container.php(651): Illuminate\\Container\\BoundMethod::call()
#19 /var/www/html/foodics/vendor/laravel/framework/src/Illuminate/Database/Seeder.php(184): Illuminate\\Container\\Container->call()
#20 /var/www/html/foodics/vendor/laravel/framework/src/Illuminate/Database/Seeder.php(193): Illuminate\\Database\\Seeder->Illuminate\\Database\\{closure}()
#21 /var/www/html/foodics/vendor/laravel/framework/src/Illuminate/Database/Seeder.php(61): Illuminate\\Database\\Seeder->__invoke()
#22 /var/www/html/foodics/database/seeders/DatabaseSeeder.php(18): Illuminate\\Database\\Seeder->call()
#23 /var/www/html/foodics/vendor/laravel/framework/src/Illuminate/Container/BoundMethod.php(36): Database\\Seeders\\DatabaseSeeder->run()
#24 /var/www/html/foodics/vendor/laravel/framework/src/Illuminate/Container/Util.php(41): Illuminate\\Container\\BoundMethod::Illuminate\\Container\\{closure}()
#25 /var/www/html/foodics/vendor/laravel/framework/src/Illuminate/Container/BoundMethod.php(93): Illuminate\\Container\\Util::unwrapIfClosure()
#26 /var/www/html/foodics/vendor/laravel/framework/src/Illuminate/Container/BoundMethod.php(37): Illuminate\\Container\\BoundMethod::callBoundMethod()
#27 /var/www/html/foodics/vendor/laravel/framework/src/Illuminate/Container/Container.php(651): Illuminate\\Container\\BoundMethod::call()
#28 /var/www/html/foodics/vendor/laravel/framework/src/Illuminate/Database/Seeder.php(184): Illuminate\\Container\\Container->call()
#29 /var/www/html/foodics/vendor/laravel/framework/src/Illuminate/Database/Seeder.php(193): Illuminate\\Database\\Seeder->Illuminate\\Database\\{closure}()
#30 /var/www/html/foodics/vendor/laravel/framework/src/Illuminate/Database/Console/Seeds/SeedCommand.php(81): Illuminate\\Database\\Seeder->__invoke()
#31 /var/www/html/foodics/vendor/laravel/framework/src/Illuminate/Database/Eloquent/Concerns/GuardsAttributes.php(155): Illuminate\\Database\\Console\\Seeds\\SeedCommand->Illuminate\\Database\\Console\\Seeds\\{closure}()
#32 /var/www/html/foodics/vendor/laravel/framework/src/Illuminate/Database/Console/Seeds/SeedCommand.php(82): Illuminate\\Database\\Eloquent\\Model::unguarded()
#33 /var/www/html/foodics/vendor/laravel/framework/src/Illuminate/Container/BoundMethod.php(36): Illuminate\\Database\\Console\\Seeds\\SeedCommand->handle()
#34 /var/www/html/foodics/vendor/laravel/framework/src/Illuminate/Container/Util.php(41): Illuminate\\Container\\BoundMethod::Illuminate\\Container\\{closure}()
#35 /var/www/html/foodics/vendor/laravel/framework/src/Illuminate/Container/BoundMethod.php(93): Illuminate\\Container\\Util::unwrapIfClosure()
#36 /var/www/html/foodics/vendor/laravel/framework/src/Illuminate/Container/BoundMethod.php(37): Illuminate\\Container\\BoundMethod::callBoundMethod()
#37 /var/www/html/foodics/vendor/laravel/framework/src/Illuminate/Container/Container.php(651): Illuminate\\Container\\BoundMethod::call()
#38 /var/www/html/foodics/vendor/laravel/framework/src/Illuminate/Console/Command.php(178): Illuminate\\Container\\Container->call()
#39 /var/www/html/foodics/vendor/symfony/console/Command/Command.php(291): Illuminate\\Console\\Command->execute()
#40 /var/www/html/foodics/vendor/laravel/framework/src/Illuminate/Console/Command.php(148): Symfony\\Component\\Console\\Command\\Command->run()
#41 /var/www/html/foodics/vendor/laravel/framework/src/Illuminate/Console/Concerns/CallsCommands.php(68): Illuminate\\Console\\Command->run()
#42 /var/www/html/foodics/vendor/laravel/framework/src/Illuminate/Console/Concerns/CallsCommands.php(28): Illuminate\\Console\\Command->runCommand()
#43 /var/www/html/foodics/vendor/laravel/framework/src/Illuminate/Database/Console/Migrations/FreshCommand.php(94): Illuminate\\Console\\Command->call()
#44 /var/www/html/foodics/vendor/laravel/framework/src/Illuminate/Database/Console/Migrations/FreshCommand.php(69): Illuminate\\Database\\Console\\Migrations\\FreshCommand->runSeeder()
#45 /var/www/html/foodics/vendor/laravel/framework/src/Illuminate/Container/BoundMethod.php(36): Illuminate\\Database\\Console\\Migrations\\FreshCommand->handle()
#46 /var/www/html/foodics/vendor/laravel/framework/src/Illuminate/Container/Util.php(41): Illuminate\\Container\\BoundMethod::Illuminate\\Container\\{closure}()
#47 /var/www/html/foodics/vendor/laravel/framework/src/Illuminate/Container/BoundMethod.php(93): Illuminate\\Container\\Util::unwrapIfClosure()
#48 /var/www/html/foodics/vendor/laravel/framework/src/Illuminate/Container/BoundMethod.php(37): Illuminate\\Container\\BoundMethod::callBoundMethod()
#49 /var/www/html/foodics/vendor/laravel/framework/src/Illuminate/Container/Container.php(651): Illuminate\\Container\\BoundMethod::call()
#50 /var/www/html/foodics/vendor/laravel/framework/src/Illuminate/Console/Command.php(178): Illuminate\\Container\\Container->call()
#51 /var/www/html/foodics/vendor/symfony/console/Command/Command.php(291): Illuminate\\Console\\Command->execute()
#52 /var/www/html/foodics/vendor/laravel/framework/src/Illuminate/Console/Command.php(148): Symfony\\Component\\Console\\Command\\Command->run()
#53 /var/www/html/foodics/vendor/symfony/console/Application.php(1014): Illuminate\\Console\\Command->run()
#54 /var/www/html/foodics/vendor/symfony/console/Application.php(301): Symfony\\Component\\Console\\Application->doRunCommand()
#55 /var/www/html/foodics/vendor/symfony/console/Application.php(171): Symfony\\Component\\Console\\Application->doRun()
#56 /var/www/html/foodics/vendor/laravel/framework/src/Illuminate/Console/Application.php(102): Symfony\\Component\\Console\\Application->run()
#57 /var/www/html/foodics/vendor/laravel/framework/src/Illuminate/Foundation/Console/Kernel.php(155): Illuminate\\Console\\Application->run()
#58 /var/www/html/foodics/artisan(37): Illuminate\\Foundation\\Console\\Kernel->handle()
#59 {main}
"} 
[2022-11-07 19:42:34] local.ERROR: Class "OrderController" does not exist {"exception":"[object] (ReflectionException(code: -1): Class \"OrderController\" does not exist at /var/www/html/foodics/vendor/laravel/framework/src/Illuminate/Foundation/Console/RouteListCommand.php:234)
[stacktrace]
#0 /var/www/html/foodics/vendor/laravel/framework/src/Illuminate/Foundation/Console/RouteListCommand.php(234): ReflectionClass->__construct()
#1 /var/www/html/foodics/vendor/laravel/framework/src/Illuminate/Foundation/Console/RouteListCommand.php(156): Illuminate\\Foundation\\Console\\RouteListCommand->isVendorRoute()
#2 /var/www/html/foodics/vendor/laravel/framework/src/Illuminate/Foundation/Console/RouteListCommand.php(125): Illuminate\\Foundation\\Console\\RouteListCommand->getRouteInformation()
#3 [internal function]: Illuminate\\Foundation\\Console\\RouteListCommand->Illuminate\\Foundation\\Console\\{closure}()
#4 /var/www/html/foodics/vendor/laravel/framework/src/Illuminate/Collections/Arr.php(560): array_map()
#5 /var/www/html/foodics/vendor/laravel/framework/src/Illuminate/Collections/Collection.php(719): Illuminate\\Support\\Arr::map()
#6 /var/www/html/foodics/vendor/laravel/framework/src/Illuminate/Foundation/Console/RouteListCommand.php(126): Illuminate\\Support\\Collection->map()
#7 /var/www/html/foodics/vendor/laravel/framework/src/Illuminate/Foundation/Console/RouteListCommand.php(110): Illuminate\\Foundation\\Console\\RouteListCommand->getRoutes()
#8 /var/www/html/foodics/vendor/laravel/framework/src/Illuminate/Container/BoundMethod.php(36): Illuminate\\Foundation\\Console\\RouteListCommand->handle()
#9 /var/www/html/foodics/vendor/laravel/framework/src/Illuminate/Container/Util.php(41): Illuminate\\Container\\BoundMethod::Illuminate\\Container\\{closure}()
#10 /var/www/html/foodics/vendor/laravel/framework/src/Illuminate/Container/BoundMethod.php(93): Illuminate\\Container\\Util::unwrapIfClosure()
#11 /var/www/html/foodics/vendor/laravel/framework/src/Illuminate/Container/BoundMethod.php(37): Illuminate\\Container\\BoundMethod::callBoundMethod()
#12 /var/www/html/foodics/vendor/laravel/framework/src/Illuminate/Container/Container.php(651): Illuminate\\Container\\BoundMethod::call()
#13 /var/www/html/foodics/vendor/laravel/framework/src/Illuminate/Console/Command.php(178): Illuminate\\Container\\Container->call()
#14 /var/www/html/foodics/vendor/symfony/console/Command/Command.php(291): Illuminate\\Console\\Command->execute()
#15 /var/www/html/foodics/vendor/laravel/framework/src/Illuminate/Console/Command.php(148): Symfony\\Component\\Console\\Command\\Command->run()
#16 /var/www/html/foodics/vendor/symfony/console/Application.php(1014): Illuminate\\Console\\Command->run()
#17 /var/www/html/foodics/vendor/symfony/console/Application.php(301): Symfony\\Component\\Console\\Application->doRunCommand()
#18 /var/www/html/foodics/vendor/symfony/console/Application.php(171): Symfony\\Component\\Console\\Application->doRun()
#19 /var/www/html/foodics/vendor/laravel/framework/src/Illuminate/Console/Application.php(102): Symfony\\Component\\Console\\Application->run()
#20 /var/www/html/foodics/vendor/laravel/framework/src/Illuminate/Foundation/Console/Kernel.php(155): Illuminate\\Console\\Application->run()
#21 /var/www/html/foodics/artisan(37): Illuminate\\Foundation\\Console\\Kernel->handle()
#22 {main}
"} 
[2022-11-07 19:43:36] local.ERROR: Class "OrderController" does not exist {"exception":"[object] (ReflectionException(code: -1): Class \"OrderController\" does not exist at /var/www/html/foodics/vendor/laravel/framework/src/Illuminate/Foundation/Console/RouteListCommand.php:234)
[stacktrace]
#0 /var/www/html/foodics/vendor/laravel/framework/src/Illuminate/Foundation/Console/RouteListCommand.php(234): ReflectionClass->__construct()
#1 /var/www/html/foodics/vendor/laravel/framework/src/Illuminate/Foundation/Console/RouteListCommand.php(156): Illuminate\\Foundation\\Console\\RouteListCommand->isVendorRoute()
#2 /var/www/html/foodics/vendor/laravel/framework/src/Illuminate/Foundation/Console/RouteListCommand.php(125): Illuminate\\Foundation\\Console\\RouteListCommand->getRouteInformation()
#3 [internal function]: Illuminate\\Foundation\\Console\\RouteListCommand->Illuminate\\Foundation\\Console\\{closure}()
#4 /var/www/html/foodics/vendor/laravel/framework/src/Illuminate/Collections/Arr.php(560): array_map()
#5 /var/www/html/foodics/vendor/laravel/framework/src/Illuminate/Collections/Collection.php(719): Illuminate\\Support\\Arr::map()
#6 /var/www/html/foodics/vendor/laravel/framework/src/Illuminate/Foundation/Console/RouteListCommand.php(126): Illuminate\\Support\\Collection->map()
#7 /var/www/html/foodics/vendor/laravel/framework/src/Illuminate/Foundation/Console/RouteListCommand.php(110): Illuminate\\Foundation\\Console\\RouteListCommand->getRoutes()
#8 /var/www/html/foodics/vendor/laravel/framework/src/Illuminate/Container/BoundMethod.php(36): Illuminate\\Foundation\\Console\\RouteListCommand->handle()
#9 /var/www/html/foodics/vendor/laravel/framework/src/Illuminate/Container/Util.php(41): Illuminate\\Container\\BoundMethod::Illuminate\\Container\\{closure}()
#10 /var/www/html/foodics/vendor/laravel/framework/src/Illuminate/Container/BoundMethod.php(93): Illuminate\\Container\\Util::unwrapIfClosure()
#11 /var/www/html/foodics/vendor/laravel/framework/src/Illuminate/Container/BoundMethod.php(37): Illuminate\\Container\\BoundMethod::callBoundMethod()
#12 /var/www/html/foodics/vendor/laravel/framework/src/Illuminate/Container/Container.php(651): Illuminate\\Container\\BoundMethod::call()
#13 /var/www/html/foodics/vendor/laravel/framework/src/Illuminate/Console/Command.php(178): Illuminate\\Container\\Container->call()
#14 /var/www/html/foodics/vendor/symfony/console/Command/Command.php(291): Illuminate\\Console\\Command->execute()
#15 /var/www/html/foodics/vendor/laravel/framework/src/Illuminate/Console/Command.php(148): Symfony\\Component\\Console\\Command\\Command->run()
#16 /var/www/html/foodics/vendor/symfony/console/Application.php(1014): Illuminate\\Console\\Command->run()
#17 /var/www/html/foodics/vendor/symfony/console/Application.php(301): Symfony\\Component\\Console\\Application->doRunCommand()
#18 /var/www/html/foodics/vendor/symfony/console/Application.php(171): Symfony\\Component\\Console\\Application->doRun()
#19 /var/www/html/foodics/vendor/laravel/framework/src/Illuminate/Console/Application.php(102): Symfony\\Component\\Console\\Application->run()
#20 /var/www/html/foodics/vendor/laravel/framework/src/Illuminate/Foundation/Console/Kernel.php(155): Illuminate\\Console\\Application->run()
#21 /var/www/html/foodics/artisan(37): Illuminate\\Foundation\\Console\\Kernel->handle()
#22 {main}
"} 
[2022-11-07 19:46:30] local.ERROR: Method App\Http\Controllers\OrderController::store does not exist. {"exception":"[object] (BadMethodCallException(code: 0): Method App\\Http\\Controllers\\OrderController::store does not exist. at /var/www/html/foodics/vendor/laravel/framework/src/Illuminate/Routing/Controller.php:68)
[stacktrace]
#0 /var/www/html/foodics/vendor/laravel/framework/src/Illuminate/Routing/Controller.php(54): Illuminate\\Routing\\Controller->__call()
#1 /var/www/html/foodics/vendor/laravel/framework/src/Illuminate/Routing/ControllerDispatcher.php(43): Illuminate\\Routing\\Controller->callAction()
#2 /var/www/html/foodics/vendor/laravel/framework/src/Illuminate/Routing/Route.php(260): Illuminate\\Routing\\ControllerDispatcher->dispatch()
#3 /var/www/html/foodics/vendor/laravel/framework/src/Illuminate/Routing/Route.php(205): Illuminate\\Routing\\Route->runController()
#4 /var/www/html/foodics/vendor/laravel/framework/src/Illuminate/Routing/Router.php(725): Illuminate\\Routing\\Route->run()
#5 /var/www/html/foodics/vendor/laravel/framework/src/Illuminate/Pipeline/Pipeline.php(141): Illuminate\\Routing\\Router->Illuminate\\Routing\\{closure}()
#6 /var/www/html/foodics/vendor/laravel/framework/src/Illuminate/Routing/Middleware/SubstituteBindings.php(50): Illuminate\\Pipeline\\Pipeline->Illuminate\\Pipeline\\{closure}()
#7 /var/www/html/foodics/vendor/laravel/framework/src/Illuminate/Pipeline/Pipeline.php(180): Illuminate\\Routing\\Middleware\\SubstituteBindings->handle()
#8 /var/www/html/foodics/vendor/laravel/framework/src/Illuminate/Routing/Middleware/ThrottleRequests.php(126): Illuminate\\Pipeline\\Pipeline->Illuminate\\Pipeline\\{closure}()
#9 /var/www/html/foodics/vendor/laravel/framework/src/Illuminate/Routing/Middleware/ThrottleRequests.php(102): Illuminate\\Routing\\Middleware\\ThrottleRequests->handleRequest()
#10 /var/www/html/foodics/vendor/laravel/framework/src/Illuminate/Routing/Middleware/ThrottleRequests.php(54): Illuminate\\Routing\\Middleware\\ThrottleRequests->handleRequestUsingNamedLimiter()
#11 /var/www/html/foodics/vendor/laravel/framework/src/Illuminate/Pipeline/Pipeline.php(180): Illuminate\\Routing\\Middleware\\ThrottleRequests->handle()
#12 /var/www/html/foodics/vendor/laravel/framework/src/Illuminate/Pipeline/Pipeline.php(116): Illuminate\\Pipeline\\Pipeline->Illuminate\\Pipeline\\{closure}()
#13 /var/www/html/foodics/vendor/laravel/framework/src/Illuminate/Routing/Router.php(726): Illuminate\\Pipeline\\Pipeline->then()
#14 /var/www/html/foodics/vendor/laravel/framework/src/Illuminate/Routing/Router.php(703): Illuminate\\Routing\\Router->runRouteWithinStack()
#15 /var/www/html/foodics/vendor/laravel/framework/src/Illuminate/Routing/Router.php(667): Illuminate\\Routing\\Router->runRoute()
#16 /var/www/html/foodics/vendor/laravel/framework/src/Illuminate/Routing/Router.php(656): Illuminate\\Routing\\Router->dispatchToRoute()
#17 /var/www/html/foodics/vendor/laravel/framework/src/Illuminate/Foundation/Http/Kernel.php(190): Illuminate\\Routing\\Router->dispatch()
#18 /var/www/html/foodics/vendor/laravel/framework/src/Illuminate/Pipeline/Pipeline.php(141): Illuminate\\Foundation\\Http\\Kernel->Illuminate\\Foundation\\Http\\{closure}()
#19 /var/www/html/foodics/vendor/laravel/framework/src/Illuminate/Foundation/Http/Middleware/TransformsRequest.php(21): Illuminate\\Pipeline\\Pipeline->Illuminate\\Pipeline\\{closure}()
#20 /var/www/html/foodics/vendor/laravel/framework/src/Illuminate/Foundation/Http/Middleware/ConvertEmptyStringsToNull.php(31): Illuminate\\Foundation\\Http\\Middleware\\TransformsRequest->handle()
#21 /var/www/html/foodics/vendor/laravel/framework/src/Illuminate/Pipeline/Pipeline.php(180): Illuminate\\Foundation\\Http\\Middleware\\ConvertEmptyStringsToNull->handle()
#22 /var/www/html/foodics/vendor/laravel/framework/src/Illuminate/Foundation/Http/Middleware/TransformsRequest.php(21): Illuminate\\Pipeline\\Pipeline->Illuminate\\Pipeline\\{closure}()
#23 /var/www/html/foodics/vendor/laravel/framework/src/Illuminate/Foundation/Http/Middleware/TrimStrings.php(40): Illuminate\\Foundation\\Http\\Middleware\\TransformsRequest->handle()
#24 /var/www/html/foodics/vendor/laravel/framework/src/Illuminate/Pipeline/Pipeline.php(180): Illuminate\\Foundation\\Http\\Middleware\\TrimStrings->handle()
#25 /var/www/html/foodics/vendor/laravel/framework/src/Illuminate/Foundation/Http/Middleware/ValidatePostSize.php(27): Illuminate\\Pipeline\\Pipeline->Illuminate\\Pipeline\\{closure}()
#26 /var/www/html/foodics/vendor/laravel/framework/src/Illuminate/Pipeline/Pipeline.php(180): Illuminate\\Foundation\\Http\\Middleware\\ValidatePostSize->handle()
#27 /var/www/html/foodics/vendor/laravel/framework/src/Illuminate/Foundation/Http/Middleware/PreventRequestsDuringMaintenance.php(86): Illuminate\\Pipeline\\Pipeline->Illuminate\\Pipeline\\{closure}()
#28 /var/www/html/foodics/vendor/laravel/framework/src/Illuminate/Pipeline/Pipeline.php(180): Illuminate\\Foundation\\Http\\Middleware\\PreventRequestsDuringMaintenance->handle()
#29 /var/www/html/foodics/vendor/laravel/framework/src/Illuminate/Http/Middleware/HandleCors.php(62): Illuminate\\Pipeline\\Pipeline->Illuminate\\Pipeline\\{closure}()
#30 /var/www/html/foodics/vendor/laravel/framework/src/Illuminate/Pipeline/Pipeline.php(180): Illuminate\\Http\\Middleware\\HandleCors->handle()
#31 /var/www/html/foodics/vendor/laravel/framework/src/Illuminate/Http/Middleware/TrustProxies.php(39): Illuminate\\Pipeline\\Pipeline->Illuminate\\Pipeline\\{closure}()
#32 /var/www/html/foodics/vendor/laravel/framework/src/Illuminate/Pipeline/Pipeline.php(180): Illuminate\\Http\\Middleware\\TrustProxies->handle()
#33 /var/www/html/foodics/vendor/laravel/framework/src/Illuminate/Pipeline/Pipeline.php(116): Illuminate\\Pipeline\\Pipeline->Illuminate\\Pipeline\\{closure}()
#34 /var/www/html/foodics/vendor/laravel/framework/src/Illuminate/Foundation/Http/Kernel.php(165): Illuminate\\Pipeline\\Pipeline->then()
#35 /var/www/html/foodics/vendor/laravel/framework/src/Illuminate/Foundation/Http/Kernel.php(134): Illuminate\\Foundation\\Http\\Kernel->sendRequestThroughRouter()
#36 /var/www/html/foodics/public/index.php(52): Illuminate\\Foundation\\Http\\Kernel->handle()
#37 {main}
"} 
[2022-11-07 20:22:56] local.ERROR: Method App\Http\Controllers\OrderController::prepareProductIngredients does not exist. {"exception":"[object] (BadMethodCallException(code: 0): Method App\\Http\\Controllers\\OrderController::prepareProductIngredients does not exist. at /var/www/html/foodics/vendor/laravel/framework/src/Illuminate/Routing/Controller.php:68)
[stacktrace]
#0 /var/www/html/foodics/app/Http/Controllers/OrderController.php(17): Illuminate\\Routing\\Controller->__call()
#1 /var/www/html/foodics/vendor/laravel/framework/src/Illuminate/Routing/Controller.php(54): App\\Http\\Controllers\\OrderController->store()
#2 /var/www/html/foodics/vendor/laravel/framework/src/Illuminate/Routing/ControllerDispatcher.php(43): Illuminate\\Routing\\Controller->callAction()
#3 /var/www/html/foodics/vendor/laravel/framework/src/Illuminate/Routing/Route.php(260): Illuminate\\Routing\\ControllerDispatcher->dispatch()
#4 /var/www/html/foodics/vendor/laravel/framework/src/Illuminate/Routing/Route.php(205): Illuminate\\Routing\\Route->runController()
#5 /var/www/html/foodics/vendor/laravel/framework/src/Illuminate/Routing/Router.php(725): Illuminate\\Routing\\Route->run()
#6 /var/www/html/foodics/vendor/laravel/framework/src/Illuminate/Pipeline/Pipeline.php(141): Illuminate\\Routing\\Router->Illuminate\\Routing\\{closure}()
#7 /var/www/html/foodics/vendor/laravel/framework/src/Illuminate/Routing/Middleware/SubstituteBindings.php(50): Illuminate\\Pipeline\\Pipeline->Illuminate\\Pipeline\\{closure}()
#8 /var/www/html/foodics/vendor/laravel/framework/src/Illuminate/Pipeline/Pipeline.php(180): Illuminate\\Routing\\Middleware\\SubstituteBindings->handle()
#9 /var/www/html/foodics/vendor/laravel/framework/src/Illuminate/Routing/Middleware/ThrottleRequests.php(126): Illuminate\\Pipeline\\Pipeline->Illuminate\\Pipeline\\{closure}()
#10 /var/www/html/foodics/vendor/laravel/framework/src/Illuminate/Routing/Middleware/ThrottleRequests.php(102): Illuminate\\Routing\\Middleware\\ThrottleRequests->handleRequest()
#11 /var/www/html/foodics/vendor/laravel/framework/src/Illuminate/Routing/Middleware/ThrottleRequests.php(54): Illuminate\\Routing\\Middleware\\ThrottleRequests->handleRequestUsingNamedLimiter()
#12 /var/www/html/foodics/vendor/laravel/framework/src/Illuminate/Pipeline/Pipeline.php(180): Illuminate\\Routing\\Middleware\\ThrottleRequests->handle()
#13 /var/www/html/foodics/vendor/laravel/framework/src/Illuminate/Pipeline/Pipeline.php(116): Illuminate\\Pipeline\\Pipeline->Illuminate\\Pipeline\\{closure}()
#14 /var/www/html/foodics/vendor/laravel/framework/src/Illuminate/Routing/Router.php(726): Illuminate\\Pipeline\\Pipeline->then()
#15 /var/www/html/foodics/vendor/laravel/framework/src/Illuminate/Routing/Router.php(703): Illuminate\\Routing\\Router->runRouteWithinStack()
#16 /var/www/html/foodics/vendor/laravel/framework/src/Illuminate/Routing/Router.php(667): Illuminate\\Routing\\Router->runRoute()
#17 /var/www/html/foodics/vendor/laravel/framework/src/Illuminate/Routing/Router.php(656): Illuminate\\Routing\\Router->dispatchToRoute()
#18 /var/www/html/foodics/vendor/laravel/framework/src/Illuminate/Foundation/Http/Kernel.php(190): Illuminate\\Routing\\Router->dispatch()
#19 /var/www/html/foodics/vendor/laravel/framework/src/Illuminate/Pipeline/Pipeline.php(141): Illuminate\\Foundation\\Http\\Kernel->Illuminate\\Foundation\\Http\\{closure}()
#20 /var/www/html/foodics/vendor/laravel/framework/src/Illuminate/Foundation/Http/Middleware/TransformsRequest.php(21): Illuminate\\Pipeline\\Pipeline->Illuminate\\Pipeline\\{closure}()
#21 /var/www/html/foodics/vendor/laravel/framework/src/Illuminate/Foundation/Http/Middleware/ConvertEmptyStringsToNull.php(31): Illuminate\\Foundation\\Http\\Middleware\\TransformsRequest->handle()
#22 /var/www/html/foodics/vendor/laravel/framework/src/Illuminate/Pipeline/Pipeline.php(180): Illuminate\\Foundation\\Http\\Middleware\\ConvertEmptyStringsToNull->handle()
#23 /var/www/html/foodics/vendor/laravel/framework/src/Illuminate/Foundation/Http/Middleware/TransformsRequest.php(21): Illuminate\\Pipeline\\Pipeline->Illuminate\\Pipeline\\{closure}()
#24 /var/www/html/foodics/vendor/laravel/framework/src/Illuminate/Foundation/Http/Middleware/TrimStrings.php(40): Illuminate\\Foundation\\Http\\Middleware\\TransformsRequest->handle()
#25 /var/www/html/foodics/vendor/laravel/framework/src/Illuminate/Pipeline/Pipeline.php(180): Illuminate\\Foundation\\Http\\Middleware\\TrimStrings->handle()
#26 /var/www/html/foodics/vendor/laravel/framework/src/Illuminate/Foundation/Http/Middleware/ValidatePostSize.php(27): Illuminate\\Pipeline\\Pipeline->Illuminate\\Pipeline\\{closure}()
#27 /var/www/html/foodics/vendor/laravel/framework/src/Illuminate/Pipeline/Pipeline.php(180): Illuminate\\Foundation\\Http\\Middleware\\ValidatePostSize->handle()
#28 /var/www/html/foodics/vendor/laravel/framework/src/Illuminate/Foundation/Http/Middleware/PreventRequestsDuringMaintenance.php(86): Illuminate\\Pipeline\\Pipeline->Illuminate\\Pipeline\\{closure}()
#29 /var/www/html/foodics/vendor/laravel/framework/src/Illuminate/Pipeline/Pipeline.php(180): Illuminate\\Foundation\\Http\\Middleware\\PreventRequestsDuringMaintenance->handle()
#30 /var/www/html/foodics/vendor/laravel/framework/src/Illuminate/Http/Middleware/HandleCors.php(62): Illuminate\\Pipeline\\Pipeline->Illuminate\\Pipeline\\{closure}()
#31 /var/www/html/foodics/vendor/laravel/framework/src/Illuminate/Pipeline/Pipeline.php(180): Illuminate\\Http\\Middleware\\HandleCors->handle()
#32 /var/www/html/foodics/vendor/laravel/framework/src/Illuminate/Http/Middleware/TrustProxies.php(39): Illuminate\\Pipeline\\Pipeline->Illuminate\\Pipeline\\{closure}()
#33 /var/www/html/foodics/vendor/laravel/framework/src/Illuminate/Pipeline/Pipeline.php(180): Illuminate\\Http\\Middleware\\TrustProxies->handle()
#34 /var/www/html/foodics/vendor/laravel/framework/src/Illuminate/Pipeline/Pipeline.php(116): Illuminate\\Pipeline\\Pipeline->Illuminate\\Pipeline\\{closure}()
#35 /var/www/html/foodics/vendor/laravel/framework/src/Illuminate/Foundation/Http/Kernel.php(165): Illuminate\\Pipeline\\Pipeline->then()
#36 /var/www/html/foodics/vendor/laravel/framework/src/Illuminate/Foundation/Http/Kernel.php(134): Illuminate\\Foundation\\Http\\Kernel->sendRequestThroughRouter()
#37 /var/www/html/foodics/public/index.php(52): Illuminate\\Foundation\\Http\\Kernel->handle()
#38 {main}
"} 
